0 info it worked if it ends with ok
1 verbose cli [ '/usr/local/Cellar/node/0.10.22/bin/node',
1 verbose cli   '/usr/local/bin/npm',
1 verbose cli   'publish' ]
2 info using npm@1.3.14
3 info using node@v0.10.22
4 verbose publish [ '.' ]
5 verbose cache add [ '.', null ]
6 verbose cache add name=undefined spec="." args=[".",null]
7 verbose parsed url { protocol: null,
7 verbose parsed url   slashes: null,
7 verbose parsed url   auth: null,
7 verbose parsed url   host: null,
7 verbose parsed url   port: null,
7 verbose parsed url   hostname: null,
7 verbose parsed url   hash: null,
7 verbose parsed url   search: null,
7 verbose parsed url   query: null,
7 verbose parsed url   pathname: '.',
7 verbose parsed url   path: '.',
7 verbose parsed url   href: '.' }
8 silly lockFile 3a52ce78- .
9 verbose lock . /Users/alumn/.npm/3a52ce78-.lock
10 verbose tar pack [ '/var/folders/c5/w5r007pj0jl8hdltj4w2h9xm0000gn/T/npm-97786-_vtM7HOV/1393562536265-0.9592745348345488/tmp.tgz',
10 verbose tar pack   '.' ]
11 verbose tarball /var/folders/c5/w5r007pj0jl8hdltj4w2h9xm0000gn/T/npm-97786-_vtM7HOV/1393562536265-0.9592745348345488/tmp.tgz
12 verbose folder .
13 info prepublish btc-transaction@0.1.4
14 silly lockFile 1f1177db-tar tar://.
15 verbose lock tar://. /Users/alumn/.npm/1f1177db-tar.lock
16 silly lockFile 47dd4ed4-36265-0-9592745348345488-tmp-tgz tar:///var/folders/c5/w5r007pj0jl8hdltj4w2h9xm0000gn/T/npm-97786-_vtM7HOV/1393562536265-0.9592745348345488/tmp.tgz
17 verbose lock tar:///var/folders/c5/w5r007pj0jl8hdltj4w2h9xm0000gn/T/npm-97786-_vtM7HOV/1393562536265-0.9592745348345488/tmp.tgz /Users/alumn/.npm/47dd4ed4-36265-0-9592745348345488-tmp-tgz.lock
18 silly lockFile 1f1177db-tar tar://.
19 silly lockFile 1f1177db-tar tar://.
20 silly lockFile 47dd4ed4-36265-0-9592745348345488-tmp-tgz tar:///var/folders/c5/w5r007pj0jl8hdltj4w2h9xm0000gn/T/npm-97786-_vtM7HOV/1393562536265-0.9592745348345488/tmp.tgz
21 silly lockFile 47dd4ed4-36265-0-9592745348345488-tmp-tgz tar:///var/folders/c5/w5r007pj0jl8hdltj4w2h9xm0000gn/T/npm-97786-_vtM7HOV/1393562536265-0.9592745348345488/tmp.tgz
22 verbose tar unpack /var/folders/c5/w5r007pj0jl8hdltj4w2h9xm0000gn/T/npm-97786-_vtM7HOV/1393562536265-0.9592745348345488/tmp.tgz
23 silly lockFile 59443f67-36265-0-9592745348345488-package tar:///var/folders/c5/w5r007pj0jl8hdltj4w2h9xm0000gn/T/npm-97786-_vtM7HOV/1393562536265-0.9592745348345488/package
24 verbose lock tar:///var/folders/c5/w5r007pj0jl8hdltj4w2h9xm0000gn/T/npm-97786-_vtM7HOV/1393562536265-0.9592745348345488/package /Users/alumn/.npm/59443f67-36265-0-9592745348345488-package.lock
25 silly lockFile 47dd4ed4-36265-0-9592745348345488-tmp-tgz tar:///var/folders/c5/w5r007pj0jl8hdltj4w2h9xm0000gn/T/npm-97786-_vtM7HOV/1393562536265-0.9592745348345488/tmp.tgz
26 verbose lock tar:///var/folders/c5/w5r007pj0jl8hdltj4w2h9xm0000gn/T/npm-97786-_vtM7HOV/1393562536265-0.9592745348345488/tmp.tgz /Users/alumn/.npm/47dd4ed4-36265-0-9592745348345488-tmp-tgz.lock
27 silly gunzTarPerm modes [ '755', '644' ]
28 silly gunzTarPerm extractEntry package.json
29 silly gunzTarPerm extractEntry .npmignore
30 silly gunzTarPerm extractEntry README.md
31 silly gunzTarPerm extractEntry CHANGELOG.md
32 silly gunzTarPerm extractEntry lib/transaction-in.js
33 silly gunzTarPerm extractEntry lib/transaction-out.js
34 silly gunzTarPerm extractEntry lib/transaction.js
35 silly lockFile 59443f67-36265-0-9592745348345488-package tar:///var/folders/c5/w5r007pj0jl8hdltj4w2h9xm0000gn/T/npm-97786-_vtM7HOV/1393562536265-0.9592745348345488/package
36 silly lockFile 59443f67-36265-0-9592745348345488-package tar:///var/folders/c5/w5r007pj0jl8hdltj4w2h9xm0000gn/T/npm-97786-_vtM7HOV/1393562536265-0.9592745348345488/package
37 silly lockFile 47dd4ed4-36265-0-9592745348345488-tmp-tgz tar:///var/folders/c5/w5r007pj0jl8hdltj4w2h9xm0000gn/T/npm-97786-_vtM7HOV/1393562536265-0.9592745348345488/tmp.tgz
38 silly lockFile 47dd4ed4-36265-0-9592745348345488-tmp-tgz tar:///var/folders/c5/w5r007pj0jl8hdltj4w2h9xm0000gn/T/npm-97786-_vtM7HOV/1393562536265-0.9592745348345488/tmp.tgz
39 verbose tar pack [ '/Users/alumn/.npm/btc-transaction/0.1.4/package.tgz',
39 verbose tar pack   '/var/folders/c5/w5r007pj0jl8hdltj4w2h9xm0000gn/T/npm-97786-_vtM7HOV/1393562536265-0.9592745348345488/package' ]
40 verbose tarball /Users/alumn/.npm/btc-transaction/0.1.4/package.tgz
41 verbose folder /var/folders/c5/w5r007pj0jl8hdltj4w2h9xm0000gn/T/npm-97786-_vtM7HOV/1393562536265-0.9592745348345488/package
42 silly lockFile 59443f67-36265-0-9592745348345488-package tar:///var/folders/c5/w5r007pj0jl8hdltj4w2h9xm0000gn/T/npm-97786-_vtM7HOV/1393562536265-0.9592745348345488/package
43 verbose lock tar:///var/folders/c5/w5r007pj0jl8hdltj4w2h9xm0000gn/T/npm-97786-_vtM7HOV/1393562536265-0.9592745348345488/package /Users/alumn/.npm/59443f67-36265-0-9592745348345488-package.lock
44 silly lockFile 7655180a-tc-transaction-0-1-4-package-tgz tar:///Users/alumn/.npm/btc-transaction/0.1.4/package.tgz
45 verbose lock tar:///Users/alumn/.npm/btc-transaction/0.1.4/package.tgz /Users/alumn/.npm/7655180a-tc-transaction-0-1-4-package-tgz.lock
46 silly lockFile 59443f67-36265-0-9592745348345488-package tar:///var/folders/c5/w5r007pj0jl8hdltj4w2h9xm0000gn/T/npm-97786-_vtM7HOV/1393562536265-0.9592745348345488/package
47 silly lockFile 59443f67-36265-0-9592745348345488-package tar:///var/folders/c5/w5r007pj0jl8hdltj4w2h9xm0000gn/T/npm-97786-_vtM7HOV/1393562536265-0.9592745348345488/package
48 silly lockFile 7655180a-tc-transaction-0-1-4-package-tgz tar:///Users/alumn/.npm/btc-transaction/0.1.4/package.tgz
49 silly lockFile 7655180a-tc-transaction-0-1-4-package-tgz tar:///Users/alumn/.npm/btc-transaction/0.1.4/package.tgz
50 silly lockFile f25f6ea6-pm-btc-transaction-0-1-4-package /Users/alumn/.npm/btc-transaction/0.1.4/package
51 verbose lock /Users/alumn/.npm/btc-transaction/0.1.4/package /Users/alumn/.npm/f25f6ea6-pm-btc-transaction-0-1-4-package.lock
52 silly lockFile f25f6ea6-pm-btc-transaction-0-1-4-package /Users/alumn/.npm/btc-transaction/0.1.4/package
53 silly lockFile f25f6ea6-pm-btc-transaction-0-1-4-package /Users/alumn/.npm/btc-transaction/0.1.4/package
54 verbose tar unpack /Users/alumn/.npm/btc-transaction/0.1.4/package.tgz
55 silly lockFile ebcdced9-pm-btc-transaction-0-1-4-package tar:///Users/alumn/.npm/btc-transaction/0.1.4/package
56 verbose lock tar:///Users/alumn/.npm/btc-transaction/0.1.4/package /Users/alumn/.npm/ebcdced9-pm-btc-transaction-0-1-4-package.lock
57 silly lockFile 7655180a-tc-transaction-0-1-4-package-tgz tar:///Users/alumn/.npm/btc-transaction/0.1.4/package.tgz
58 verbose lock tar:///Users/alumn/.npm/btc-transaction/0.1.4/package.tgz /Users/alumn/.npm/7655180a-tc-transaction-0-1-4-package-tgz.lock
59 silly gunzTarPerm modes [ '755', '644' ]
60 silly gunzTarPerm extractEntry package.json
61 silly gunzTarPerm extractEntry .npmignore
62 silly gunzTarPerm extractEntry README.md
63 silly gunzTarPerm extractEntry CHANGELOG.md
64 silly gunzTarPerm extractEntry lib/transaction-in.js
65 silly gunzTarPerm extractEntry lib/transaction-out.js
66 silly gunzTarPerm extractEntry lib/transaction.js
67 silly lockFile ebcdced9-pm-btc-transaction-0-1-4-package tar:///Users/alumn/.npm/btc-transaction/0.1.4/package
68 silly lockFile ebcdced9-pm-btc-transaction-0-1-4-package tar:///Users/alumn/.npm/btc-transaction/0.1.4/package
69 silly lockFile 7655180a-tc-transaction-0-1-4-package-tgz tar:///Users/alumn/.npm/btc-transaction/0.1.4/package.tgz
70 silly lockFile 7655180a-tc-transaction-0-1-4-package-tgz tar:///Users/alumn/.npm/btc-transaction/0.1.4/package.tgz
71 verbose chmod /Users/alumn/.npm/btc-transaction/0.1.4/package.tgz 644
72 verbose chown /Users/alumn/.npm/btc-transaction/0.1.4/package.tgz [ 501, 20 ]
73 silly lockFile 3a52ce78- .
74 silly lockFile 3a52ce78- .
75 silly publish { name: 'btc-transaction',
75 silly publish   version: '0.1.4',
75 silly publish   description: 'Create, parse, serialize Bitcoin transactions.',
75 silly publish   keywords:
75 silly publish    [ 'crytography',
75 silly publish      'crypto',
75 silly publish      'bitcoin',
75 silly publish      'script',
75 silly publish      'currency',
75 silly publish      'transaction' ],
75 silly publish   devDependencies: { mocha: '1.*', terst: '0.0.1' },
75 silly publish   repository:
75 silly publish    { url: 'http://github.com/cryptocoinjs/btc-transaction',
75 silly publish      type: 'git' },
75 silly publish   main: './lib/transaction.js',
75 silly publish   dependencies:
75 silly publish    { 'btc-opcode': '0.0.1',
75 silly publish      'btc-address': '~0.4.0',
75 silly publish      bigi: '~0.2.0',
75 silly publish      'btc-script': '~0.1.2',
75 silly publish      'crypto-binary': '~0.1.0',
75 silly publish      binstring: '~0.2.0',
75 silly publish      'crypto-hashing': '~0.1.0' },
75 silly publish   readme: 'btc-transaction\n================\n\nCreate, parse, serialize Bitcoin transactions.\n\n\n\nInstall\n-------\n\n### Node.js/Browserify\n\n    npm install --save btc-transaction\n\n\n### Script\n\n(TODO)\n\n\nUsage\n-----\n\n(TODO)\n\n\n\nCredits\n-------\n\nMost of the code from Stefan Thomas in https://github.com/bitcoinjs/bitcoinjs-lib\n\n\n\nLicense\n-------\n\n(MIT License)\n\n\n',
75 silly publish   readmeFilename: 'README.md',
75 silly publish   bugs: { url: 'https://github.com/cryptocoinjs/btc-transaction/issues' },
75 silly publish   homepage: 'https://github.com/cryptocoinjs/btc-transaction',
75 silly publish   _id: 'btc-transaction@0.1.4',
75 silly publish   dist: { shasum: 'ccdcc40bb919babd7125be16301a6f8dacbe040b' },
75 silly publish   _from: '.' }
76 verbose url raw btc-transaction
77 verbose url resolving [ 'https://registry.npmjs.org/', './btc-transaction' ]
78 verbose url resolved https://registry.npmjs.org/btc-transaction
79 info trying registry request attempt 1 at 20:42:16
80 http PUT https://registry.npmjs.org/btc-transaction
81 http 201 https://registry.npmjs.org/btc-transaction
82 verbose url raw btc-transaction
83 verbose url resolving [ 'https://registry.npmjs.org/', './btc-transaction' ]
84 verbose url resolved https://registry.npmjs.org/btc-transaction
85 info trying registry request attempt 1 at 20:42:16
86 http GET https://registry.npmjs.org/btc-transaction
87 http 200 https://registry.npmjs.org/btc-transaction
88 error publish fail Cannot publish over existing version.
88 error publish fail Update the 'version' field in package.json and try again.
88 error publish fail
88 error publish fail If the previous version was published in error, see:
88 error publish fail     npm help unpublish
88 error publish fail
88 error publish fail To automatically increment version numbers, see:
88 error publish fail     npm help version
89 error System Darwin 13.0.2
90 error command "/usr/local/Cellar/node/0.10.22/bin/node" "/usr/local/bin/npm" "publish"
91 error cwd /Users/alumn/projects/bitcoinmafia/cryptocoinjs/node_modules/btc-transaction
92 error node -v v0.10.22
93 error npm -v 1.3.14
94 error code EPUBLISHCONFLICT
95 verbose exit [ 1, true ]
